<?xml version="1.0" encoding="UTF-8"?>
<testsuite xmlns:xsi="http://www.w3.org/2001/XMLSchema-instance" xsi:noNamespaceSchemaLocation="https://maven.apache.org/surefire/maven-surefire-plugin/xsd/surefire-test-report-3.0.xsd" version="3.0" name="HelloThere.HelloThereTest" time="0.036" tests="2" errors="0" skipped="0" failures="0">
  <properties>
[...]
</properties>
  <testcase name="printTest" classname="HelloThere.HelloThereTest" time="0.024">
    <system-out><![CDATA[Oh, quick math time! 2 times 2 is 4!
]]></system-out>
  </testcase>
  <testcase name="highGroundTest" classname="HelloThere.HelloThereTest" time="0">
    <system-out><![CDATA[Oh, 10 is higher than 9?!
Looks like you have THE HIGH GROUND!

Oh, quick math time! 5 times 2 is 10!
]]></system-out>
  </testcase>
</testsuite>